In file included from sssp.cpp:6:
In file included from ../src/gswitch.h:7:
../src/utils/intrinsics.hxx:10:26: warning: indirection of non-volatile null pointer will be deleted, not trap [-Wnull-dereference]
void throw_fatal_error(){*(int*)0=0;}
                         ^~~~~~~~
../src/utils/intrinsics.hxx:10:26: note: consider using __builtin_trap() or qualifying pointer with 'volatile'
In file included from sssp.cpp:6:
In file included from ../src/gswitch.h:10:
In file included from ../src/data_structures/active_set.hxx:11:
In file included from ../src/data_structures/notification.hxx:8:
../src/data_structures/functor.hxx:90:3: error: virtual member function is not supported
  __device__ virtual Status filter(int v, int u, E* e){return Inactive;}
  ^
/opt/rocm/include/hip/hcc_detail/host_defines.h:42:20: note: expanded from macro '__device__'
#define __device__ __attribute__((hc))
                   ^
In file included from sssp.cpp:6:
In file included from ../src/gswitch.h:10:
In file included from ../src/data_structures/active_set.hxx:11:
In file included from ../src/data_structures/notification.hxx:8:
../src/data_structures/functor.hxx:91:3: error: virtual member function is not supported
  __device__ virtual void update(int v, int u, E* e){}
  ^
/opt/rocm/include/hip/hcc_detail/host_defines.h:42:20: note: expanded from macro '__device__'
#define __device__ __attribute__((hc))
                   ^
In file included from sssp.cpp:6:
In file included from ../src/gswitch.h:10:
In file included from ../src/data_structures/active_set.hxx:11:
In file included from ../src/data_structures/notification.hxx:8:
../src/data_structures/functor.hxx:106:3: error: virtual member function is not supported
  __device__ virtual Status filter(int v, G g){return Inactive;}
  ^
/opt/rocm/include/hip/hcc_detail/host_defines.h:42:20: note: expanded from macro '__device__'
#define __device__ __attribute__((hc))
                   ^
In file included from sssp.cpp:6:
In file included from ../src/gswitch.h:10:
In file included from ../src/data_structures/active_set.hxx:11:
In file included from ../src/data_structures/notification.hxx:8:
../src/data_structures/functor.hxx:107:3: error: virtual member function is not supported
  __device__ virtual WA emit(int v, E* e, G g){return *data.fetch_wa(v);}
  ^
/opt/rocm/include/hip/hcc_detail/host_defines.h:42:20: note: expanded from macro '__device__'
#define __device__ __attribute__((hc))
                   ^
In file included from sssp.cpp:6:
In file included from ../src/gswitch.h:10:
In file included from ../src/data_structures/active_set.hxx:11:
In file included from ../src/data_structures/notification.hxx:8:
../src/data_structures/functor.hxx:108:3: error: virtual member function is not supported
  __device__ virtual bool cond(int v, WA msg, G g){return false;}
  ^
/opt/rocm/include/hip/hcc_detail/host_defines.h:42:20: note: expanded from macro '__device__'
#define __device__ __attribute__((hc))
                   ^
In file included from sssp.cpp:6:
In file included from ../src/gswitch.h:10:
In file included from ../src/data_structures/active_set.hxx:11:
In file included from ../src/data_structures/notification.hxx:8:
../src/data_structures/functor.hxx:109:3: error: virtual member function is not supported
  __device__ virtual bool comp(WA* v_data, WA msg, G g){return true;}
  ^
/opt/rocm/include/hip/hcc_detail/host_defines.h:42:20: note: expanded from macro '__device__'
#define __device__ __attribute__((hc))
                   ^
In file included from sssp.cpp:6:
In file included from ../src/gswitch.h:10:
In file included from ../src/data_structures/active_set.hxx:11:
In file included from ../src/data_structures/notification.hxx:8:
../src/data_structures/functor.hxx:110:3: error: virtual member function is not supported
  __device__ virtual bool compAtomic(WA* v_data, WA msg, G g){return true;}
  ^
/opt/rocm/include/hip/hcc_detail/host_defines.h:42:20: note: expanded from macro '__device__'
#define __device__ __attribute__((hc))
                   ^
In file included from sssp.cpp:6:
In file included from ../src/gswitch.h:10:
In file included from ../src/data_structures/active_set.hxx:11:
In file included from ../src/data_structures/notification.hxx:8:
../src/data_structures/functor.hxx:111:3: error: virtual member function is not supported
  __device__ virtual bool exit(int v, G g){return false;}
  ^
/opt/rocm/include/hip/hcc_detail/host_defines.h:42:20: note: expanded from macro '__device__'
#define __device__ __attribute__((hc))
                   ^
In file included from sssp.cpp:6:
In file included from ../src/gswitch.h:10:
In file included from ../src/data_structures/active_set.hxx:11:
../src/data_structures/notification.hxx:24:12: warning: & has lower precedence than ==; == will be evaluated first [-Wparentheses]
    if(tag & s_tmp==0) s_tmp = 1; // there exist work to do
           ^~~~~~~~~~
../src/data_structures/notification.hxx:24:12: note: place parentheses around the '==' expression to silence this warning
    if(tag & s_tmp==0) s_tmp = 1; // there exist work to do
           ^
             (       )
../src/data_structures/notification.hxx:24:12: note: place parentheses around the & expression to evaluate it first
    if(tag & s_tmp==0) s_tmp = 1; // there exist work to do
           ^
       (          )
In file included from sssp.cpp:6:
../src/gswitch.h:1:2: error: unterminated conditional directive
#ifndef __GSWITCH_H
 ^
sssp.cpp:22:3: error: virtual member function is not supported
  __device__ Status filter(int vid, G g){
  ^
/opt/rocm/include/hip/hcc_detail/host_defines.h:42:20: note: expanded from macro '__device__'
#define __device__ __attribute__((hc))
                   ^
sssp.cpp:32:3: error: virtual member function is not supported
  __device__ int emit(int vid, int* w, G g){
  ^
/opt/rocm/include/hip/hcc_detail/host_defines.h:42:20: note: expanded from macro '__device__'
#define __device__ __attribute__((hc))
                   ^
sssp.cpp:36:3: error: virtual member function is not supported
  __device__ bool comp(int* disu, int newv, G g){
  ^
/opt/rocm/include/hip/hcc_detail/host_defines.h:42:20: note: expanded from macro '__device__'
#define __device__ __attribute__((hc))
                   ^
sssp.cpp:40:3: error: virtual member function is not supported
  __device__ bool compAtomic(int* v, int newv, G g){
  ^
/opt/rocm/include/hip/hcc_detail/host_defines.h:42:20: note: expanded from macro '__device__'
#define __device__ __attribute__((hc))
                   ^
sssp.cpp:46:3: error: virtual member function is not supported
  __device__ bool cond(int vid, int msg, G g){
  ^
/opt/rocm/include/hip/hcc_detail/host_defines.h:42:20: note: expanded from macro '__device__'
#define __device__ __attribute__((hc))
                   ^
sssp.cpp:51:3: error: virtual member function is not supported
  __device__ bool exit(int v, G g){
  ^
/opt/rocm/include/hip/hcc_detail/host_defines.h:42:20: note: expanded from macro '__device__'
#define __device__ __attribute__((hc))
                   ^
Stack dump:
0.	Program arguments: /opt/rocm/hcc/bin/clang-8 -cc1 -D__KALMAR_HC__=1 -D__HCC_HC__=1 -triple x86_64-unknown-linux-gnu -emit-obj -mrelax-all -disable-free -disable-llvm-verifier -main-file-name sssp.cpp -mrelocation-model static -mthread-model posix -mdisable-fp-elim -fmath-errno -masm-verbose -mconstructor-aliases -munwind-tables -fuse-init-array -target-cpu x86-64 -dwarf-column-info -debugger-tuning=gdb -resource-dir /opt/rocm/hcc/lib/clang/8.0.0 -I/opt/rocm/hcc/bin/../include -I/opt/rocm/hcc/bin/../hcc/include -D __HIPCC__ -I /opt/rocm/hcc/include -I /opt/rocm/include/hip/hcc_detail/cuda -I /opt/rocm/hsa/include -I /opt/rocm/profiler/CXLActivityLogger/include -I /opt/rocm/include -D HIP_VERSION_MAJOR=1 -D HIP_VERSION_MINOR=5 -D HIP_VERSION_PATCH=19025 -D __HIP_ARCH_GFX900__=1 -I ../src -c-isystem /opt/rocm/rocblas/include -c-isystem /opt/rh/devtoolset-7/root/usr/include/c++/7/x86_64-redhat-linux -c-isystem /opt/rh/devtoolset-7/root/usr/include/c++/7 -c-isystem . -cxx-isystem /opt/rocm/rocblas/include -cxx-isystem /opt/rh/devtoolset-7/root/usr/include/c++/7/x86_64-redhat-linux -cxx-isystem /opt/rh/devtoolset-7/root/usr/include/c++/7 -cxx-isystem . -internal-isystem /opt/rh/devtoolset-7/root/usr/lib/gcc/x86_64-redhat-linux/7/../../../../include/c++/7 -internal-isystem /opt/rh/devtoolset-7/root/usr/lib/gcc/x86_64-redhat-linux/7/../../../../include/c++/7/x86_64-redhat-linux -internal-isystem /opt/rh/devtoolset-7/root/usr/lib/gcc/x86_64-redhat-linux/7/../../../../include/c++/7/backward -internal-isystem /usr/local/include -internal-isystem /opt/rocm/hcc/lib/clang/8.0.0/include -internal-externc-isystem /include -internal-externc-isystem /usr/include -Wno-deprecated-register -std=c++amp -fdeprecated-macro -fdebug-compilation-dir /home/lmy/HIP-GSWITCH/application -ferror-limit 200 -fmessage-length 0 -fobjc-runtime=gcc -fcxx-exceptions -fexceptions -fdiagnostics-show-option -famp -fhsa-ext -o /tmp/sssp-e37aab.o -x hc-host sssp.cpp -fgpu-rdc -faddrsig 
1.	<eof> parser at end of file
2.	sssp.cpp:107:8: instantiating function definition 'run_sssp<device_graph_t<CSR, int>, SSSP>'
3.	../src/abstraction/inspector.hxx:106:8: instantiating function definition 'inspector_t::inspect<int, SSSP>'
/opt/rocm/hcc/bin/clang-8(_ZN4llvm3sys15PrintStackTraceERNS_11raw_ostreamE+0x1a)[0x18b3afa]
/opt/rocm/hcc/bin/clang-8(_ZN4llvm3sys17RunSignalHandlersEv+0x34)[0x18b1c14]
/opt/rocm/hcc/bin/clang-8[0x18b1d42]
/lib64/libpthread.so.0(+0xf5e0)[0x7f254857e5e0]
/opt/rocm/hcc/bin/clang-8(_ZN5clang4Sema22buildOverloadedCallSetEPNS_5ScopeEPNS_4ExprEPNS_20UnresolvedLookupExprEN4llvm15MutableArrayRefIS4_EENS_14SourceLocationEPNS_20OverloadCandidateSetEPNS_12ActionResultIS4_Lb1EEE+0x23c)[0x32bb40c]
/opt/rocm/hcc/bin/clang-8(_ZN5clang4Sema23BuildOverloadedCallExprEPNS_5ScopeEPNS_4ExprEPNS_20UnresolvedLookupExprENS_14SourceLocationEN4llvm15MutableArrayRefIS4_EES7_S4_bb+0x154)[0x32bf164]
/opt/rocm/hcc/bin/clang-8(_ZN5clang4Sema13ActOnCallExprEPNS_5ScopeEPNS_4ExprENS_14SourceLocationEN4llvm15MutableArrayRefIS4_EES5_S4_b+0x9d8)[0x3120468]
/opt/rocm/hcc/bin/clang-8[0x33d591b]
/opt/rocm/hcc/bin/clang-8[0x33d0b37]
/opt/rocm/hcc/bin/clang-8[0x33ecf0a]
/opt/rocm/hcc/bin/clang-8[0x33f0ee8]
/opt/rocm/hcc/bin/clang-8[0x33ee5d2]
/opt/rocm/hcc/bin/clang-8[0x33f0ee8]
/opt/rocm/hcc/bin/clang-8(_ZN5clang4Sema9SubstStmtEPNS_4StmtERKNS_30MultiLevelTemplateArgumentListE+0x4a)[0x33f0e3a]
/opt/rocm/hcc/bin/clang-8(_ZN5clang4Sema29InstantiateFunctionDefinitionENS_14SourceLocationEPNS_12FunctionDeclEbbb+0xa94)[0x3404b94]
/opt/rocm/hcc/bin/clang-8(_ZN5clang4Sema28PerformPendingInstantiationsEb+0x328)[0x3403c38]
/opt/rocm/hcc/bin/clang-8(_ZN5clang4Sema29InstantiateFunctionDefinitionENS_14SourceLocationEPNS_12FunctionDeclEbbb+0x8c3)[0x34049c3]
/opt/rocm/hcc/bin/clang-8(_ZN5clang4Sema28PerformPendingInstantiationsEb+0x328)[0x3403c38]
/opt/rocm/hcc/bin/clang-8(_ZN5clang4Sema25ActOnEndOfTranslationUnitEv+0x179)[0x2eae839]
/opt/rocm/hcc/bin/clang-8(_ZN5clang6Parser17ParseTopLevelDeclERNS_9OpaquePtrINS_12DeclGroupRefEEE+0x38b)[0x2d873fb]
/opt/rocm/hcc/bin/clang-8(_ZN5clang8ParseASTERNS_4SemaEbb+0x1c7)[0x2d7c387]
/opt/rocm/hcc/bin/clang-8(_ZN5clang13CodeGenAction13ExecuteActionEv+0x21)[0x23a7381]
/opt/rocm/hcc/bin/clang-8(_ZN5clang14FrontendAction7ExecuteEv+0x86)[0x1f22966]
/opt/rocm/hcc/bin/clang-8(_ZN5clang16CompilerInstance13ExecuteActionERNS_14FrontendActionE+0x17c)[0x1ee6a6c]
/opt/rocm/hcc/bin/clang-8(_ZN5clang25ExecuteCompilerInvocationEPNS_16CompilerInstanceE+0x633)[0x1fd6393]
/opt/rocm/hcc/bin/clang-8(_Z8cc1_mainN4llvm8ArrayRefIPKcEES2_Pv+0xa40)[0x8a1190]
/opt/rocm/hcc/bin/clang-8(main+0x23cd)[0x82c83d]
/lib64/libc.so.6(__libc_start_main+0xf5)[0x7f254738bc05]
/opt/rocm/hcc/bin/clang-8[0x89dd45]
clang-8: error: unable to execute command: Segmentation fault (core dumped)
In file included from sssp.cpp:6:
In file included from ../src/gswitch.h:7:
../src/utils/intrinsics.hxx:10:26: warning: indirection of non-volatile null pointer will be deleted, not trap [-Wnull-dereference]
void throw_fatal_error(){*(int*)0=0;}
                         ^~~~~~~~
../src/utils/intrinsics.hxx:10:26: note: consider using __builtin_trap() or qualifying pointer with 'volatile'
In file included from sssp.cpp:6:
In file included from ../src/gswitch.h:10:
In file included from ../src/data_structures/active_set.hxx:11:
In file included from ../src/data_structures/notification.hxx:8:
../src/data_structures/functor.hxx:90:3: error: virtual member function is not supported
  __device__ virtual Status filter(int v, int u, E* e){return Inactive;}
  ^
/opt/rocm/include/hip/hcc_detail/host_defines.h:42:20: note: expanded from macro '__device__'
#define __device__ __attribute__((hc))
                   ^
In file included from sssp.cpp:6:
In file included from ../src/gswitch.h:10:
In file included from ../src/data_structures/active_set.hxx:11:
In file included from ../src/data_structures/notification.hxx:8:
../src/data_structures/functor.hxx:91:3: error: virtual member function is not supported
  __device__ virtual void update(int v, int u, E* e){}
  ^
/opt/rocm/include/hip/hcc_detail/host_defines.h:42:20: note: expanded from macro '__device__'
#define __device__ __attribute__((hc))
                   ^
In file included from sssp.cpp:6:
In file included from ../src/gswitch.h:10:
In file included from ../src/data_structures/active_set.hxx:11:
In file included from ../src/data_structures/notification.hxx:8:
../src/data_structures/functor.hxx:106:3: error: virtual member function is not supported
  __device__ virtual Status filter(int v, G g){return Inactive;}
  ^
/opt/rocm/include/hip/hcc_detail/host_defines.h:42:20: note: expanded from macro '__device__'
#define __device__ __attribute__((hc))
                   ^
In file included from sssp.cpp:6:
In file included from ../src/gswitch.h:10:
In file included from ../src/data_structures/active_set.hxx:11:
In file included from ../src/data_structures/notification.hxx:8:
../src/data_structures/functor.hxx:107:3: error: virtual member function is not supported
  __device__ virtual WA emit(int v, E* e, G g){return *data.fetch_wa(v);}
  ^
/opt/rocm/include/hip/hcc_detail/host_defines.h:42:20: note: expanded from macro '__device__'
#define __device__ __attribute__((hc))
                   ^
In file included from sssp.cpp:6:
In file included from ../src/gswitch.h:10:
In file included from ../src/data_structures/active_set.hxx:11:
In file included from ../src/data_structures/notification.hxx:8:
../src/data_structures/functor.hxx:108:3: error: virtual member function is not supported
  __device__ virtual bool cond(int v, WA msg, G g){return false;}
  ^
/opt/rocm/include/hip/hcc_detail/host_defines.h:42:20: note: expanded from macro '__device__'
#define __device__ __attribute__((hc))
                   ^
In file included from sssp.cpp:6:
In file included from ../src/gswitch.h:10:
In file included from ../src/data_structures/active_set.hxx:11:
In file included from ../src/data_structures/notification.hxx:8:
../src/data_structures/functor.hxx:109:3: error: virtual member function is not supported
  __device__ virtual bool comp(WA* v_data, WA msg, G g){return true;}
  ^
/opt/rocm/include/hip/hcc_detail/host_defines.h:42:20: note: expanded from macro '__device__'
#define __device__ __attribute__((hc))
                   ^
In file included from sssp.cpp:6:
In file included from ../src/gswitch.h:10:
In file included from ../src/data_structures/active_set.hxx:11:
In file included from ../src/data_structures/notification.hxx:8:
../src/data_structures/functor.hxx:110:3: error: virtual member function is not supported
  __device__ virtual bool compAtomic(WA* v_data, WA msg, G g){return true;}
  ^
/opt/rocm/include/hip/hcc_detail/host_defines.h:42:20: note: expanded from macro '__device__'
#define __device__ __attribute__((hc))
                   ^
In file included from sssp.cpp:6:
In file included from ../src/gswitch.h:10:
In file included from ../src/data_structures/active_set.hxx:11:
In file included from ../src/data_structures/notification.hxx:8:
../src/data_structures/functor.hxx:111:3: error: virtual member function is not supported
  __device__ virtual bool exit(int v, G g){return false;}
  ^
/opt/rocm/include/hip/hcc_detail/host_defines.h:42:20: note: expanded from macro '__device__'
#define __device__ __attribute__((hc))
                   ^
In file included from sssp.cpp:6:
In file included from ../src/gswitch.h:10:
In file included from ../src/data_structures/active_set.hxx:11:
../src/data_structures/notification.hxx:24:12: warning: & has lower precedence than ==; == will be evaluated first [-Wparentheses]
    if(tag & s_tmp==0) s_tmp = 1; // there exist work to do
           ^~~~~~~~~~
../src/data_structures/notification.hxx:24:12: note: place parentheses around the '==' expression to silence this warning
    if(tag & s_tmp==0) s_tmp = 1; // there exist work to do
           ^
             (       )
../src/data_structures/notification.hxx:24:12: note: place parentheses around the & expression to evaluate it first
    if(tag & s_tmp==0) s_tmp = 1; // there exist work to do
           ^
       (          )
In file included from sssp.cpp:6:
../src/gswitch.h:1:2: error: unterminated conditional directive
#ifndef __GSWITCH_H
 ^
sssp.cpp:22:3: error: virtual member function is not supported
  __device__ Status filter(int vid, G g){
  ^
/opt/rocm/include/hip/hcc_detail/host_defines.h:42:20: note: expanded from macro '__device__'
#define __device__ __attribute__((hc))
                   ^
sssp.cpp:32:3: error: virtual member function is not supported
  __device__ int emit(int vid, int* w, G g){
  ^
/opt/rocm/include/hip/hcc_detail/host_defines.h:42:20: note: expanded from macro '__device__'
#define __device__ __attribute__((hc))
                   ^
sssp.cpp:36:3: error: virtual member function is not supported
  __device__ bool comp(int* disu, int newv, G g){
  ^
/opt/rocm/include/hip/hcc_detail/host_defines.h:42:20: note: expanded from macro '__device__'
#define __device__ __attribute__((hc))
                   ^
sssp.cpp:40:3: error: virtual member function is not supported
  __device__ bool compAtomic(int* v, int newv, G g){
  ^
/opt/rocm/include/hip/hcc_detail/host_defines.h:42:20: note: expanded from macro '__device__'
#define __device__ __attribute__((hc))
                   ^
sssp.cpp:46:3: error: virtual member function is not supported
  __device__ bool cond(int vid, int msg, G g){
  ^
/opt/rocm/include/hip/hcc_detail/host_defines.h:42:20: note: expanded from macro '__device__'
#define __device__ __attribute__((hc))
                   ^
sssp.cpp:51:3: error: virtual member function is not supported
  __device__ bool exit(int v, G g){
  ^
/opt/rocm/include/hip/hcc_detail/host_defines.h:42:20: note: expanded from macro '__device__'
#define __device__ __attribute__((hc))
                   ^
Stack dump:
0.	Program arguments: /opt/rocm/hcc/bin/clang-8 -cc1 -D__KALMAR_HC__=1 -D__HCC_HC__=1 -famp-is-device -fno-builtin -fno-common -O2 -triple amdgcn--amdhsa-hcc -aux-triple x86_64-unknown-linux-gnu -S -disable-free -disable-llvm-verifier -main-file-name sssp.cpp -mrelocation-model pic -pic-level 1 -mthread-model posix -mdisable-fp-elim -fmath-errno -no-integrated-as -mconstructor-aliases -fuse-init-array -resource-dir /opt/rocm/hcc/lib/clang/8.0.0 -I/opt/rocm/hcc/bin/../include -I/opt/rocm/hcc/bin/../hcc/include -D __HIPCC__ -I /opt/rocm/hcc/include -I /opt/rocm/include/hip/hcc_detail/cuda -I /opt/rocm/hsa/include -I /opt/rocm/profiler/CXLActivityLogger/include -I /opt/rocm/include -D HIP_VERSION_MAJOR=1 -D HIP_VERSION_MINOR=5 -D HIP_VERSION_PATCH=19025 -D __HIP_ARCH_GFX900__=1 -I ../src -c-isystem /opt/rocm/rocblas/include -c-isystem /opt/rh/devtoolset-7/root/usr/include/c++/7/x86_64-redhat-linux -c-isystem /opt/rh/devtoolset-7/root/usr/include/c++/7 -c-isystem . -cxx-isystem /opt/rocm/rocblas/include -cxx-isystem /opt/rh/devtoolset-7/root/usr/include/c++/7/x86_64-redhat-linux -cxx-isystem /opt/rh/devtoolset-7/root/usr/include/c++/7 -cxx-isystem . -internal-isystem /opt/rh/devtoolset-7/root/usr/lib/gcc/x86_64-redhat-linux/7/../../../../include/c++/7 -internal-isystem /opt/rh/devtoolset-7/root/usr/lib/gcc/x86_64-redhat-linux/7/../../../../include/c++/7/x86_64-redhat-linux -internal-isystem /opt/rh/devtoolset-7/root/usr/lib/gcc/x86_64-redhat-linux/7/../../../../include/c++/7/backward -internal-isystem /usr/local/include -internal-isystem /opt/rocm/hcc/lib/clang/8.0.0/include -internal-externc-isystem /include -internal-externc-isystem /usr/include -Wno-deprecated-register -std=c++amp -fdeprecated-macro -fno-dwarf-directory-asm -fdebug-compilation-dir /home/lmy/HIP-GSWITCH/application -ferror-limit 200 -fmessage-length 0 -fobjc-runtime=gcc -fcxx-exceptions -fexceptions -fdiagnostics-show-option -famp -fhsa-ext -o /tmp/sssp-ba164d.s -x hc-kernel sssp.cpp -fgpu-rdc -emit-llvm-bc 
1.	<eof> parser at end of file
2.	sssp.cpp:107:8: instantiating function definition 'run_sssp<device_graph_t<CSR, int>, SSSP>'
3.	../src/abstraction/inspector.hxx:106:8: instantiating function definition 'inspector_t::inspect<int, SSSP>'
/opt/rocm/hcc/bin/clang-8(_ZN4llvm3sys15PrintStackTraceERNS_11raw_ostreamE+0x1a)[0x18b3afa]
/opt/rocm/hcc/bin/clang-8(_ZN4llvm3sys17RunSignalHandlersEv+0x34)[0x18b1c14]
/opt/rocm/hcc/bin/clang-8[0x18b1d42]
/lib64/libpthread.so.0(+0xf5e0)[0x7fb8ce3c65e0]
/opt/rocm/hcc/bin/clang-8(_ZN5clang4Sema22buildOverloadedCallSetEPNS_5ScopeEPNS_4ExprEPNS_20UnresolvedLookupExprEN4llvm15MutableArrayRefIS4_EENS_14SourceLocationEPNS_20OverloadCandidateSetEPNS_12ActionResultIS4_Lb1EEE+0x23c)[0x32bb40c]
/opt/rocm/hcc/bin/clang-8(_ZN5clang4Sema23BuildOverloadedCallExprEPNS_5ScopeEPNS_4ExprEPNS_20UnresolvedLookupExprENS_14SourceLocationEN4llvm15MutableArrayRefIS4_EES7_S4_bb+0x154)[0x32bf164]
/opt/rocm/hcc/bin/clang-8(_ZN5clang4Sema13ActOnCallExprEPNS_5ScopeEPNS_4ExprENS_14SourceLocationEN4llvm15MutableArrayRefIS4_EES5_S4_b+0x9d8)[0x3120468]
/opt/rocm/hcc/bin/clang-8[0x33d591b]
/opt/rocm/hcc/bin/clang-8[0x33d0b37]
/opt/rocm/hcc/bin/clang-8[0x33ecf0a]
/opt/rocm/hcc/bin/clang-8[0x33f0ee8]
/opt/rocm/hcc/bin/clang-8[0x33ee5d2]
/opt/rocm/hcc/bin/clang-8[0x33f0ee8]
/opt/rocm/hcc/bin/clang-8(_ZN5clang4Sema9SubstStmtEPNS_4StmtERKNS_30MultiLevelTemplateArgumentListE+0x4a)[0x33f0e3a]
/opt/rocm/hcc/bin/clang-8(_ZN5clang4Sema29InstantiateFunctionDefinitionENS_14SourceLocationEPNS_12FunctionDeclEbbb+0xa94)[0x3404b94]
/opt/rocm/hcc/bin/clang-8(_ZN5clang4Sema28PerformPendingInstantiationsEb+0x328)[0x3403c38]
/opt/rocm/hcc/bin/clang-8(_ZN5clang4Sema29InstantiateFunctionDefinitionENS_14SourceLocationEPNS_12FunctionDeclEbbb+0x8c3)[0x34049c3]
/opt/rocm/hcc/bin/clang-8(_ZN5clang4Sema28PerformPendingInstantiationsEb+0x328)[0x3403c38]
/opt/rocm/hcc/bin/clang-8(_ZN5clang4Sema25ActOnEndOfTranslationUnitEv+0x179)[0x2eae839]
/opt/rocm/hcc/bin/clang-8(_ZN5clang6Parser17ParseTopLevelDeclERNS_9OpaquePtrINS_12DeclGroupRefEEE+0x38b)[0x2d873fb]
/opt/rocm/hcc/bin/clang-8(_ZN5clang8ParseASTERNS_4SemaEbb+0x1c7)[0x2d7c387]
/opt/rocm/hcc/bin/clang-8(_ZN5clang13CodeGenAction13ExecuteActionEv+0x21)[0x23a7381]
/opt/rocm/hcc/bin/clang-8(_ZN5clang14FrontendAction7ExecuteEv+0x86)[0x1f22966]
/opt/rocm/hcc/bin/clang-8(_ZN5clang16CompilerInstance13ExecuteActionERNS_14FrontendActionE+0x17c)[0x1ee6a6c]
/opt/rocm/hcc/bin/clang-8(_ZN5clang25ExecuteCompilerInvocationEPNS_16CompilerInstanceE+0x633)[0x1fd6393]
/opt/rocm/hcc/bin/clang-8(_Z8cc1_mainN4llvm8ArrayRefIPKcEES2_Pv+0xa40)[0x8a1190]
/opt/rocm/hcc/bin/clang-8(main+0x23cd)[0x82c83d]
/lib64/libc.so.6(__libc_start_main+0xf5)[0x7fb8cd1d3c05]
/opt/rocm/hcc/bin/clang-8[0x89dd45]
clang-8: error: unable to execute command: Segmentation fault (core dumped)
clang-8: error: clang frontend command failed due to signal (use -v to see invocation)
clang-8: error: clang frontend command failed due to signal (use -v to see invocation)
HCC clang version 8.0.0 (ssh://gerritgit/compute/ec/hcc-tot/clang 683c680a6bff215baa3bd9d3099ba1a43e24cf2e) (ssh://gerritgit/lightning/ec/llvm 6e349ce344586b4254654aea8f34444a13aedb67) (based on HCC 1.3.19045-fea3e2b4-683c680a6b-6e349ce3445 )
Target: x86_64-unknown-linux-gnu
Thread model: posix
InstalledDir: /opt/rocm/hcc/bin
clang-8: note: diagnostic msg: PLEASE submit a bug report to https://bugs.llvm.org/ and include the crash backtrace, preprocessed source, and associated run script.
clang-8: note: diagnostic msg: Error generating preprocessed source(s).
