In file included from /tmp/gc.cu-0131da.hip:3:
In file included from /home/lmy/GSWITCH/src/gswitch.h:7:
/home/lmy/GSWITCH/src/utils/intrinsics.cuh:10:26: warning: indirection of non-volatile null pointer will be deleted, not trap [-Wnull-dereference]
void throw_fatal_error(){*(int*)0=0;}
                         ^~~~~~~~
/home/lmy/GSWITCH/src/utils/intrinsics.cuh:10:26: note: consider using __builtin_trap() or qualifying pointer with 'volatile'
In file included from /tmp/gc.cu-0131da.hip:3:
In file included from /home/lmy/GSWITCH/src/gswitch.h:10:
In file included from /home/lmy/GSWITCH/src/data_structures/active_set.cuh:9:
/home/lmy/GSWITCH/src/data_structures/notification.cuh:22:12: warning: & has lower precedence than ==; == will be evaluated first [-Wparentheses]
    if(tag & s_tmp==0) s_tmp = 1; // there exist work to do
           ^~~~~~~~~~
/home/lmy/GSWITCH/src/data_structures/notification.cuh:22:12: note: place parentheses around the '==' expression to silence this warning
    if(tag & s_tmp==0) s_tmp = 1; // there exist work to do
           ^
             (       )
/home/lmy/GSWITCH/src/data_structures/notification.cuh:22:12: note: place parentheses around the & expression to evaluate it first
    if(tag & s_tmp==0) s_tmp = 1; // there exist work to do
           ^
       (          )
In file included from /tmp/gc.cu-0131da.hip:3:
In file included from /home/lmy/GSWITCH/src/gswitch.h:16:
In file included from /home/lmy/GSWITCH/src/abstraction/executor.cuh:12:
In file included from /home/lmy/GSWITCH/src/kernel_libs/expand_VC_STRICT.cuh:14:
/home/lmy/GSWITCH/src/utils/sorted_search.cuh:117:3: warning: 'delete' applied to a pointer that was allocated with 'new[]'; did you mean 'delete[]'? [-Wmismatched-new-delete]
  delete h_arr;
  ^
        []
/home/lmy/GSWITCH/src/utils/sorted_search.cuh:113:19: note: allocated with 'new[]' here
  data_t *h_arr = new data_t[len];
                  ^
3 warnings generated when compiling for host.
